[2019-07-06 12:44:10] production.ERROR: Exception: The bootstrap/cache directory must be present and writable. in C:\xampp\htdocs\site\Ajax-CRUD-operations-in-Laravel\vendor\laravel\framework\src\Illuminate\Foundation\ProviderRepository.php:190
Stack trace:
#0 C:\xampp\htdocs\site\Ajax-CRUD-operations-in-Laravel\vendor\laravel\framework\src\Illuminate\Foundation\ProviderRepository.php(165): Illuminate\Foundation\ProviderRepository->writeManifest(Array)
#1 C:\xampp\htdocs\site\Ajax-CRUD-operations-in-Laravel\vendor\laravel\framework\src\Illuminate\Foundation\ProviderRepository.php(61): Illuminate\Foundation\ProviderRepository->compileManifest(Array)
#2 C:\xampp\htdocs\site\Ajax-CRUD-operations-in-Laravel\vendor\laravel\framework\src\Illuminate\Foundation\Application.php(549): Illuminate\Foundation\ProviderRepository->load(Array)
#3 C:\xampp\htdocs\site\Ajax-CRUD-operations-in-Laravel\vendor\laravel\framework\src\Illuminate\Foundation\Bootstrap\RegisterProviders.php(17): Illuminate\Foundation\Application->registerConfiguredProviders()
#4 C:\xampp\htdocs\site\Ajax-CRUD-operations-in-Laravel\vendor\laravel\framework\src\Illuminate\Foundation\Application.php(208): Illuminate\Foundation\Bootstrap\RegisterProviders->bootstrap(Object(Illuminate\Foundation\Application))
#5 C:\xampp\htdocs\site\Ajax-CRUD-operations-in-Laravel\vendor\laravel\framework\src\Illuminate\Foundation\Console\Kernel.php(267): Illuminate\Foundation\Application->bootstrapWith(Array)
#6 C:\xampp\htdocs\site\Ajax-CRUD-operations-in-Laravel\vendor\laravel\framework\src\Illuminate\Foundation\Console\Kernel.php(114): Illuminate\Foundation\Console\Kernel->bootstrap()
#7 C:\xampp\htdocs\site\Ajax-CRUD-operations-in-Laravel\artisan(35): Illuminate\Foundation\Console\Kernel->handle(Object(Symfony\Component\Console\Input\ArgvInput), Object(Symfony\Component\Console\Output\ConsoleOutput))
#8 {main}  
[2019-07-06 14:11:54] local.ERROR: Symfony\Component\Debug\Exception\FatalThrowableError: Class 'app\Http\Controllers\Controller' not found in C:\xampp\htdocs\site\Ajax-CRUD-operations-in-Laravel\app\Http\Controllers\IndexController.php:11
Stack trace:
#0 C:\xampp\htdocs\site\Ajax-CRUD-operations-in-Laravel\vendor\composer\ClassLoader.php(444): include()
#1 C:\xampp\htdocs\site\Ajax-CRUD-operations-in-Laravel\vendor\composer\ClassLoader.php(322): Composer\Autoload\includeFile('C:\\xampp\\htdocs...')
#2 [internal function]: Composer\Autoload\ClassLoader->loadClass('App\\Http\\Contro...')
#3 [internal function]: spl_autoload_call('App\\Http\\Contro...')
#4 C:\xampp\htdocs\site\Ajax-CRUD-operations-in-Laravel\vendor\laravel\framework\src\Illuminate\Container\Container.php(719): ReflectionClass->__construct('App\\Http\\Contro...')
#5 C:\xampp\htdocs\site\Ajax-CRUD-operations-in-Laravel\vendor\laravel\framework\src\Illuminate\Container\Container.php(598): Illuminate\Container\Container->build('App\\Http\\Contro...')
#6 C:\xampp\htdocs\site\Ajax-CRUD-operations-in-Laravel\vendor\laravel\framework\src\Illuminate\Container\Container.php(567): Illuminate\Container\Container->resolve('App\\Http\\Contro...')
#7 C:\xampp\htdocs\site\Ajax-CRUD-operations-in-Laravel\vendor\laravel\framework\src\Illuminate\Foundation\Application.php(708): Illuminate\Container\Container->make('App\\Http\\Contro...')
#8 C:\xampp\htdocs\site\Ajax-CRUD-operations-in-Laravel\vendor\laravel\framework\src\Illuminate\Routing\Route.php(217): Illuminate\Foundation\Application->make('App\\Http\\Contro...')
#9 C:\xampp\htdocs\site\Ajax-CRUD-operations-in-Laravel\vendor\laravel\framework\src\Illuminate\Routing\Route.php(736): Illuminate\Routing\Route->getController()
#10 C:\xampp\htdocs\site\Ajax-CRUD-operations-in-Laravel\vendor\laravel\framework\src\Illuminate\Routing\Route.php(697): Illuminate\Routing\Route->controllerMiddleware()
#11 C:\xampp\htdocs\site\Ajax-CRUD-operations-in-Laravel\vendor\laravel\framework\src\Illuminate\Routing\Router.php(572): Illuminate\Routing\Route->gatherMiddleware()
#12 C:\xampp\htdocs\site\Ajax-CRUD-operations-in-Laravel\vendor\laravel\framework\src\Illuminate\Routing\Router.php(552): Illuminate\Routing\Router->gatherRouteMiddleware(Object(Illuminate\Routing\Route))
#13 C:\xampp\htdocs\site\Ajax-CRUD-operations-in-Laravel\vendor\laravel\framework\src\Illuminate\Routing\Router.php(520): Illuminate\Routing\Router->runRouteWithinStack(Object(Illuminate\Routing\Route), Object(Illuminate\Http\Request))
#14 C:\xampp\htdocs\site\Ajax-CRUD-operations-in-Laravel\vendor\laravel\framework\src\Illuminate\Routing\Router.php(498): Illuminate\Routing\Router->dispatchToRoute(Object(Illuminate\Http\Request))
#15 C:\xampp\htdocs\site\Ajax-CRUD-operations-in-Laravel\vendor\laravel\framework\src\Illuminate\Foundation\Http\Kernel.php(174): Illuminate\Routing\Router->dispatch(Object(Illuminate\Http\Request))
#16 C:\xampp\htdocs\site\Ajax-CRUD-operations-in-Laravel\vendor\laravel\framework\src\Illuminate\Routing\Pipeline.php(30): Illuminate\Foundation\Http\Kernel->Illuminate\Foundation\Http\{closure}(Object(Illuminate\Http\Request))
#17 C:\xampp\htdocs\site\Ajax-CRUD-operations-in-Laravel\vendor\laravel\framework\src\Illuminate\Foundation\Http\Middleware\TransformsRequest.php(30): Illuminate\Routing\Pipeline->Illuminate\Routing\{closure}(Object(Illuminate\Http\Request))
#18 C:\xampp\htdocs\site\Ajax-CRUD-operations-in-Laravel\vendor\laravel\framework\src\Illuminate\Pipeline\Pipeline.php(148): Illuminate\Foundation\Http\Middleware\TransformsRequest->handle(Object(Illuminate\Http\Request), Object(Closure))
#19 C:\xampp\htdocs\site\Ajax-CRUD-operations-in-Laravel\vendor\laravel\framework\src\Illuminate\Routing\Pipeline.php(53): Illuminate\Pipeline\Pipeline->Illuminate\Pipeline\{closure}(Object(Illuminate\Http\Request))
#20 C:\xampp\htdocs\site\Ajax-CRUD-operations-in-Laravel\vendor\laravel\framework\src\Illuminate\Foundation\Http\Middleware\TransformsRequest.php(30): Illuminate\Routing\Pipeline->Illuminate\Routing\{closure}(Object(Illuminate\Http\Request))
#21 C:\xampp\htdocs\site\Ajax-CRUD-operations-in-Laravel\vendor\laravel\framework\src\Illuminate\Pipeline\Pipeline.php(148): Illuminate\Foundation\Http\Middleware\TransformsRequest->handle(Object(Illuminate\Http\Request), Object(Closure))
#22 C:\xampp\htdocs\site\Ajax-CRUD-operations-in-Laravel\vendor\laravel\framework\src\Illuminate\Routing\Pipeline.php(53): Illuminate\Pipeline\Pipeline->Illuminate\Pipeline\{closure}(Object(Illuminate\Http\Request))
#23 C:\xampp\htdocs\site\Ajax-CRUD-operations-in-Laravel\vendor\laravel\framework\src\Illuminate\Foundation\Http\Middleware\ValidatePostSize.php(27): Illuminate\Routing\Pipeline->Illuminate\Routing\{closure}(Object(Illuminate\Http\Request))
#24 C:\xampp\htdocs\site\Ajax-CRUD-operations-in-Laravel\vendor\laravel\framework\src\Illuminate\Pipeline\Pipeline.php(148): Illuminate\Foundation\Http\Middleware\ValidatePostSize->handle(Object(Illuminate\Http\Request), Object(Closure))
#25 C:\xampp\htdocs\site\Ajax-CRUD-operations-in-Laravel\vendor\laravel\framework\src\Illuminate\Routing\Pipeline.php(53): Illuminate\Pipeline\Pipeline->Illuminate\Pipeline\{closure}(Object(Illuminate\Http\Request))
#26 C:\xampp\htdocs\site\Ajax-CRUD-operations-in-Laravel\vendor\laravel\framework\src\Illuminate\Foundation\Http\Middleware\CheckForMaintenanceMode.php(46): Illuminate\Routing\Pipeline->Illuminate\Routing\{closure}(Object(Illuminate\Http\Request))
#27 C:\xampp\htdocs\site\Ajax-CRUD-operations-in-Laravel\vendor\laravel\framework\src\Illuminate\Pipeline\Pipeline.php(148): Illuminate\Foundation\Http\Middleware\CheckForMaintenanceMode->handle(Object(Illuminate\Http\Request), Object(Closure))
#28 C:\xampp\htdocs\site\Ajax-CRUD-operations-in-Laravel\vendor\laravel\framework\src\Illuminate\Routing\Pipeline.php(53): Illuminate\Pipeline\Pipeline->Illuminate\Pipeline\{closure}(Object(Illuminate\Http\Request))
#29 C:\xampp\htdocs\site\Ajax-CRUD-operations-in-Laravel\vendor\laravel\framework\src\Illuminate\Pipeline\Pipeline.php(102): Illuminate\Routing\Pipeline->Illuminate\Routing\{closure}(Object(Illuminate\Http\Request))
#30 C:\xampp\htdocs\site\Ajax-CRUD-operations-in-Laravel\vendor\laravel\framework\src\Illuminate\Foundation\Http\Kernel.php(149): Illuminate\Pipeline\Pipeline->then(Object(Closure))
#31 C:\xampp\htdocs\site\Ajax-CRUD-operations-in-Laravel\vendor\laravel\framework\src\Illuminate\Foundation\Http\Kernel.php(116): Illuminate\Foundation\Http\Kernel->sendRequestThroughRouter(Object(Illuminate\Http\Request))
#32 C:\xampp\htdocs\site\Ajax-CRUD-operations-in-Laravel\public\index.php(52): Illuminate\Foundation\Http\Kernel->handle(Object(Illuminate\Http\Request))
#33 C:\xampp\htdocs\site\Ajax-CRUD-operations-in-Laravel\server.php(19): require_once('C:\\xampp\\htdocs...')
#34 {main}  
